

   14    5H2 X1SIGG+                      
   D        RE         WE      WEXE       WEYE     WEZE       BE       ALPHA
 d=  36117.40  re=   0.74140  we=  4401.213  wexe=    121.34  weye=    0.0000  weze=  0.000000  be=  60.85300  alpha=  3.062000
    0        2170.27             1.19674   1.66822
    1        6328.81             1.07789   1.91726
    2       10244.68             1.00424   2.12935
    3       13917.88             0.94106   2.34394
    4       17348.40             0.87533   2.58231
    5       20536.26             0.80047   2.86542
    6       23481.44             0.71483   3.21811
    7       26183.95             0.62129   3.67037
    8       28643.78             0.52579   4.25658
    9       30860.95             0.43493   5.01331
   10       32835.44             0.35376   5.97729
   11       34567.26             0.28476   7.18444
   12       36056.41             0.22817   8.67025
   13       37302.89             0.18279  10.47063
 Charlies format, Bohr
 x=   0.1827882,   0.2281668,   0.2847643,   0.3537612,   0.4349345,
      0.5257923,   0.6212937,   0.7148349,   0.8004687,   0.8753262,
   0.9410573,   1.0042411,   1.0778865,   1.1967444,   1.4010432,
   1.6682194,   1.9172637,   2.1293464,   2.3439410,   2.5823147,
   2.8654244,   3.2181079,   3.6703699,   4.2565775,   5.0133114,
   5.9772897,   7.1844444,   8.6702528,  10.4706316,
 y=   0.1699645,   0.1642851,   0.1575001,   0.1496093,   0.1406129,
      0.1305107,   0.1193029,   0.1069893,   0.0935701,   0.0790452,
   0.0634145,   0.0466782,   0.0288362,   0.0098885,   0.0000000,
   0.0098885,   0.0288362,   0.0466782,   0.0634145,   0.0790452,
   0.0935701,   0.1069893,   0.1193029,   0.1305107,   0.1406129,
   0.1496093,   0.1575001,   0.1642851,   0.1699645,
 rl=  1.8278818E-01   a=  1.9445242E-01   b=  7.3636019E-01
 ru=  1.0470632E+01   a=   1.399457E-01   b=  1.8559990E-02


   33    5H2 B1SIGU+                      
   D        RE         WE      WEXE       WEYE     WEZE       BE       ALPHA
 d=  26675.60  re=   1.29280  we=  1358.090  wexe=     20.89  weye=    0.0000  weze=  0.000000  be=  20.01500  alpha=  1.184000
    0         673.82             2.08119   2.92551
    1        1990.14             1.88389   3.36728
    2        3264.68             1.77627   3.72517
    3        4497.44             1.70051   4.05910
    4        5688.42             1.63726   4.39081
    5        6837.63             1.57539   4.73436
    6        7945.07             1.50708   5.10205
    7        9010.72             1.42701   5.50678
    8       10034.61             1.33254   5.96364
    9       11016.71             1.22405   6.49078
   10       11957.04             1.10479   7.10955
   11       12855.60             0.98002   7.84387
   12       13712.38             0.85576   8.71897
   13       14527.38             0.73744   9.76018
   14       15300.60             0.62902  10.99202
   15       16032.05             0.53274  12.43799
   16       16721.73             0.44929  14.12071
   17       17369.62             0.37822  16.06238
   18       17975.75             0.31841  18.28524
   19       18540.09             0.26848  20.81195
   20       19062.66             0.22695  23.66579
   21       19543.46             0.19248  26.87085
   22       19982.47             0.16385  30.45202
   23       20379.71             0.14003  34.43513
   24       20735.18             0.12017  38.84681
   25       21048.87             0.10356  43.71455
   26       21320.79             0.08960  49.06661
   27       21550.92             0.07784  54.93212
   28       21739.29             0.06789  61.34089
   29       21885.87             0.05944  68.32357
   30       21990.68             0.05222  75.91148
   31       22053.71             0.04605  84.13670
   32       22074.97             0.04074  93.03202
 Charlies format, Bohr
 x=   0.0407353,   0.0460474,   0.0522239,   0.0594371,   0.0678899,
      0.0778431,   0.0896019,   0.1035554,   0.1201697,   0.1400306,
   0.1638453,   0.1924758,   0.2269508,   0.2684771,   0.3184148,
   0.3782189,   0.4492926,   0.5327448,   0.6290188,   0.7374358,
   0.8557634,   0.9800249,   1.1047903,   1.2240537,   1.3325417,
   1.4270103,   1.5070801,   1.5753864,   1.6372622,   1.7005085,
   1.7762656,   1.8838859,   2.0811896,   2.4430382,   2.9255135,
   3.3672814,   3.7251654,   4.0591049,   4.3908100,   4.7343616,
   5.1020470,   5.5067821,   5.9636431,   6.4907761,   7.1095476,
   7.8438668,   8.7189722,   9.7601786,  10.9920235,  12.4379902,
  14.1207075,  16.0623760,  18.2852440,  20.8119488,  23.6657867,
  26.8708458,  30.4520206,  34.4351349,  38.8468132,  43.7145462,
  49.0666122,  54.9321213,  61.3408928,  68.3235703,  75.9114761,
  84.1366959,  93.0320206,
 y=   0.1005810,   0.1004841,   0.1001969,   0.0997194,   0.0990515,
      0.0981932,   0.0971447,   0.0959057,   0.0944765,   0.0928568,
   0.0910469,   0.0890466,   0.0868559,   0.0844749,   0.0819035,
   0.0791418,   0.0761898,   0.0730474,   0.0697147,   0.0661916,
   0.0624782,   0.0585744,   0.0544803,   0.0501958,   0.0457210,
   0.0410559,   0.0362004,   0.0311546,   0.0259184,   0.0204918,
   0.0148750,   0.0090677,   0.0030702,   0.0000000,   0.0030702,
   0.0090677,   0.0148750,   0.0204918,   0.0259184,   0.0311546,
   0.0362004,   0.0410559,   0.0457210,   0.0501958,   0.0544803,
   0.0585744,   0.0624782,   0.0661916,   0.0697147,   0.0730474,
   0.0761898,   0.0791418,   0.0819035,   0.0844749,   0.0868559,
   0.0890466,   0.0910469,   0.0928568,   0.0944765,   0.0959057,
   0.0971447,   0.0981932,   0.0990515,   0.0997194,   0.1001969,
   0.1004841,   0.1005810,
 rl=  4.0735330E-02   a=  1.0132657E-01   b=  1.8129796E-01
 ru=  9.3032021E+01   a=   9.957300E-02   b=  1.0826709E-04


   18    5H2 C3PIU                        
   D        RE         WE      WEXE       WEYE     WEZE       BE       ALPHA
 d=  22537.90  re=   1.03760  we=  2466.890  wexe=     63.51  weye=    0.5520  weze=  0.000000  be=  31.07000  alpha=  1.425000
    0        1217.64             1.68623   2.31545
    1        3559.30             1.52491   2.64220
    2        5778.91             1.42551   2.91650
    3        7879.78             1.34259   3.18908
    4        9865.23             1.25954   3.48538
    5       11738.56             1.16751   3.82878
    6       13503.08             1.06284   4.24571
    7       15162.11             0.94673   4.76744
    8       16718.96             0.82433   5.43000
    9       18176.95             0.70279   6.27252
   10       19539.38             0.58891   7.33492
   11       20809.56             0.48742   8.65622
   12       21990.81             0.40045  10.27392
   13       23086.44             0.32798  12.22444
   14       24099.77             0.26870  14.54379
   15       25034.10             0.22071  17.26828
   16       25892.74             0.18206  20.43488
   17       26679.01             0.15096  24.08134
 Charlies format, Bohr
 x=   0.1509617,   0.1820645,   0.2207144,   0.2686982,   0.3279806,
      0.4004475,   0.4874206,   0.5889112,   0.7027891,   0.8243276,
   0.9467281,   1.0628383,   1.1675099,   1.2595448,   1.3425909,
   1.4255130,   1.5249087,   1.6862319,   1.9607803,   2.3154547,
   2.6421998,   2.9164972,   3.1890833,   3.4853828,   3.8287830,
   4.2457051,   4.7674351,   5.4300017,   6.2725220,   7.3349233,
   8.6562185,  10.2739220,  12.2244377,  14.5437899,  17.2682838,
  20.4348755,  24.0813427,
 y=   0.1215585,   0.1179760,   0.1140638,   0.1098066,   0.1051896,
      0.1001975,   0.0948153,   0.0890280,   0.0828203,   0.0761772,
   0.0690837,   0.0615246,   0.0534848,   0.0449493,   0.0359029,
   0.0263307,   0.0162174,   0.0055480,   0.0000000,   0.0055480,
   0.0162174,   0.0263307,   0.0359029,   0.0449493,   0.0534848,
   0.0615246,   0.0690837,   0.0761772,   0.0828203,   0.0890280,
   0.0948153,   0.1001975,   0.1051896,   0.1098066,   0.1140638,
   0.1179760,   0.1215585,
 rl=  1.5096168E-01   a=  1.4025187E-01   b=  9.4755197E-01
 ru=  2.4081343E+01   a=   1.000595E-01   b=  8.0822166E-03


   15    5H2 A3SIGG+                      
   D        RE         WE      WEXE       WEYE     WEZE       BE       ALPHA
 d=  22440.30  re=   0.98880  we=  2664.830  wexe=     71.65  weye=    0.9200  weze=  0.000000  be=  34.21600  alpha=  1.671000
    0        1314.62             1.60530   2.21102
    1        3839.14             1.45172   2.52836
    2        6228.64             1.35741   2.79622
    3        8488.64             1.27837   3.06412
    4       10624.66             1.19836   3.35749
    5       12642.22             1.10879   3.70021
    6       14546.84             1.00638   4.11950
    7       16344.04             0.89283   4.64763
    8       18039.34             0.77372   5.32154
    9       19638.26             0.65640   6.18096
   10       21146.32             0.54752   7.26596
   11       22569.04             0.45140   8.61530
   12       23911.94             0.36973  10.26600
   13       25180.54             0.30218  12.25385
   14       26380.36             0.24723  14.61412
 Charlies format, Bohr
 x=   0.2472306,   0.3021772,   0.3697310,   0.4513960,   0.5475175,
      0.6564029,   0.7737206,   0.8928267,   1.0063823,   1.1087922,
   1.1983638,   1.2783684,   1.3574095,   1.4517167,   1.6053010,
   1.8685615,   2.2110159,   2.5283554,   2.7962248,   3.0641193,
   3.3574920,   3.7002141,   4.1195025,   4.6476264,   5.3215404,
   6.1809616,   7.2659583,   8.6152954,  10.2659988,  12.2538471,
  14.6141186,
 y=   0.1201978,   0.1147310,   0.1089508,   0.1028321,   0.0963497,
      0.0894785,   0.0821933,   0.0744689,   0.0662803,   0.0576022,
   0.0484095,   0.0386771,   0.0283798,   0.0174924,   0.0059898,
   0.0000000,   0.0059898,   0.0174924,   0.0283798,   0.0386771,
   0.0484095,   0.0576022,   0.0662803,   0.0744689,   0.0821933,
   0.0894785,   0.0963497,   0.1028321,   0.1089508,   0.1147310,
   0.1201978,
 rl=  2.4723060E-01   a=  1.4749311E-01   b=  8.2774115E-01
 ru=  1.4614119E+01   a=   9.069750E-02   b=  1.9269638E-02


   10    5H2 E1SIGG+                      
   D        RE         WE      WEXE       WEYE     WEZE       BE       ALPHA
 d=  18294.10  re=   1.01100  we=  2588.900  wexe=    130.50  weye=    0.0000  weze=  0.000000  be=  32.68000  alpha=  1.818000
    0        1261.82             1.64301   2.26358
    1        3589.72             1.47712   2.61460
    2        5656.62             1.35200   2.95455
    3        7462.52             1.21303   3.36813
    4        9007.42             1.04372   3.93846
    5       10291.32             0.85191   4.77522
    6       11314.22             0.66136   6.01346
    7       12076.12             0.49519   7.79945
    8       12577.02             0.36403  10.28019
    9       12816.92             0.26666  13.60506
 Charlies format, Bohr
 x=   0.2666623,   0.3640304,   0.4951910,   0.6613609,   0.8519126,
      1.0437243,   1.2130326,   1.3520035,   1.4771247,   1.6430126,
   1.9105135,   2.2635849,   2.6145983,   2.9545460,   3.3681276,
   3.9384623,   4.7752242,   6.0134583,   7.7994528,  10.2801924,
  13.6050558,
 y=   0.0583982,   0.0573051,   0.0550229,   0.0515514,   0.0468907,
      0.0410409,   0.0340018,   0.0257735,   0.0163560,   0.0057493,
   0.0000000,   0.0057493,   0.0163560,   0.0257735,   0.0340018,
   0.0410409,   0.0468907,   0.0515514,   0.0550229,   0.0573051,
   0.0583982,
 rl=  2.6666227E-01   a=  6.1469842E-02   b=  1.9223335E-01
 ru=  1.3605056E+01   a=   5.409249E-02   b=  5.6295223E-03


   12    5H2 C1PIU                        
   D        RE         WE      WEXE       WEYE     WEZE       BE       ALPHA
 d=  18318.60  re=   1.03280  we=  2443.770  wexe=     69.52  weye=    0.0000  weze=  0.000000  be=  31.36300  alpha=  1.665000
    0        1204.50             1.67799   2.31100
    1        3509.23             1.51924   2.64736
    2        5674.90             1.42056   2.93518
    3        7701.53             1.33451   3.22779
    4        9589.10             1.24280   3.55440
    5       11337.63             1.13611   3.94439
    6       12947.12             1.01245   4.43331
    7       14417.55             0.87669   5.06470
    8       15748.94             0.73824   5.88853
    9       16941.27             0.60719   6.95783
   10       17994.56             0.49099   8.32545
   11       18908.81             0.39304  10.04281
 Charlies format, Bohr
 x=   0.3930386,   0.4909855,   0.6071885,   0.7382352,   0.8766930,
      1.0124522,   1.1361095,   1.2428014,   1.3345109,   1.4205582,
   1.5192413,   1.6779907,   1.9517094,   2.3110042,   2.6473613,
   2.9351761,   3.2277927,   3.5543997,   3.9443855,   4.4333138,
   5.0646958,   5.8885264,   6.9578304,   8.3254480,  10.0428085,
 y=   0.0861549,   0.0819893,   0.0771901,   0.0717574,   0.0656912,
      0.0589914,   0.0516581,   0.0436912,   0.0350907,   0.0258568,
   0.0159892,   0.0054881,   0.0000000,   0.0054881,   0.0159892,
   0.0258568,   0.0350907,   0.0436912,   0.0516581,   0.0589914,
   0.0656912,   0.0717574,   0.0771901,   0.0819893,   0.0861549,
 rl=  3.9303860E-01   a=  1.0460217E-01   b=  4.9363533E-01
 ru=  1.0042809E+01   a=   6.493613E-02   b=  2.8153712E-02


    0    0                                
                                                                            
 d=      0.00  re=   0.00000  we=     0.000  wexe=      0.00  weye=    0.0000  weze=  0.000000  be=   0.00000  alpha=  0.000000
